<?xml version="1.0" encoding="UTF-8"?>
<!-- Generated by org.testng.reporters.JUnitXMLReporter -->
<testsuite hostname="skybird" ignored="0" name="SalesForce" tests="2" failures="0" timestamp="18 Feb 2021 05:35:44 GMT" time="22.552" errors="0">
  <testcase name="to_Check_Whether_Login_Happening_Or_Not" time="10.593" classname="com.tekarch.SFLogin.SFLogin"/>
  <testcase name="To_check_Error_For_Invalid_Login" time="3.964" classname="com.tekarch.SFLogin.SFLogin"/>
</testsuite> <!-- SalesForce -->
